Arguments: 
  C:\Program Files\nodejs\node.exe C:\Program Files (x86)\Yarn\bin\yarn.js add @types/cors

PATH: 
  C:\Program Files (x86)\Common Files\Oracle\Java\javapath;C:\Windows\system32;C:\Windows;C:\Windows\System32\Wbem;C:\Windows\System32\WindowsPowerShell\v1.0\;C:\Windows\System32\OpenSSH\;C:\Program Files\Git\cmd;C:\Program Files\nodejs\;C:\Program Files (x86)\Calibre2\;C:\Program Files (x86)\Yarn\bin\;C:\Users\Vítor Lobão\AppData\Local\Microsoft\WindowsApps;C:\Users\Vítor Lobão\AppData\Local\Programs\Microsoft VS Code\bin;C:\Users\Vítor Lobão\AppData\Local\Programs\Python\Python38-32;C:\Users\Vítor Lobão\AppData\Roaming\npm;C:\;C:\Users\Vítor Lobão\AppData\Local\Yarn\bin

Yarn version: 
  1.22.4

Node version: 
  12.18.2

Platform: 
  win32 x64

Trace: 
  Error: EPERM: operation not permitted, unlink 'C:\Users\Vítor Lobão\Documents\proffy\server\node_modules\sqlite3\lib\binding\napi-v3-win32-x64\node_sqlite3.node'

npm manifest: 
  {
    "name": "server",
    "version": "1.0.0",
    "description": "",
    "main": "index.js",
    "scripts": {
      "test": "echo \"Error: no test specified\" && exit 1",
      "start": "ts-node-dev --transpile-only --ignore-watch node_modules --respawn src/server.ts",
      "knex:migrate": "knex --knexfile knexfile.ts migrate:latest",
      "knex:migrate:rollback": "knex --knexfile knexfile.ts migrate:rollback"
    },
    "repository": {
      "type": "git",
      "url": "git+https://github.com/vitorSiqueiraLobao/proffy-web-server.git"
    },
    "author": "",
    "license": "ISC",
    "bugs": {
      "url": "https://github.com/vitorSiqueiraLobao/proffy-web-server/issues"
    },
    "homepage": "https://github.com/vitorSiqueiraLobao/proffy-web-server#readme",
    "devDependencies": {
      "@types/express": "^4.17.7",
      "ts-node-dev": "^1.0.0-pre.56",
      "typescript": "^3.9.7"
    },
    "dependencies": {
      "express": "^4.17.1",
      "knex": "^0.21.4",
      "sqlite3": "^5.0.0"
    }
  }

yarn manifest: 
  No manifest

Lockfile: 
  No lockfile
